<?xml version="1.0" encoding="UTF-8"?>
<testsuite name="com.sjw.CalculateTest" tests="1" skipped="0" failures="0" errors="0" timestamp="2020-06-03T02:47:17" hostname="402-05" time="0.083">
  <properties/>
  <testcase name="testIntegerAdd()" classname="com.sjw.CalculateTest" time="0.083"/>
  <system-out><![CDATA[]]></system-out>
  <system-err><![CDATA[]]></system-err>
</testsuite>
